DEBUG:root:Number of GPUs : 1
DEBUG:root:[<pyopencl.Device 'Tesla K40m' on 'NVIDIA CUDA' at 0x102ead0>]
DEBUG:root:Number of CPUs : 1
DEBUG:root:[<pyopencl.Device 'Intel(R) Xeon(R) CPU E5-2650 v4 @ 2.20GHz' on 'Intel(R) OpenCL' at 0x1004938>]
DEBUG:root:Building Kernel...
DEBUG:pyopencl.cache:build program: binary cache hit (key: 2ce08d80b1f6daf7bf594c02767b8628)
DEBUG:pyopencl.cffi_cl:build program: start
DEBUG:pyopencl.cffi_cl:build program: completed, success
DEBUG:pyopencl.cache:build program: binary cache hit (key: fe75dd16208150523b8208c466604f24)
DEBUG:pyopencl.cffi_cl:build program: start
DEBUG:pyopencl.cffi_cl:build program: completed, success
DEBUG:root:Loading Kernel Data...
DEBUG:root:Dispatching Kernel...
DEBUG:root:DISPATCH : Dispatch function call for mm2_kernel1 starts at 2019-02-20 16:34:19.919057
DEBUG:root:DISPATCH_cpu : Evaluation of kernel arguments for mm2_kernel1 on CPU
DEBUG:root:DISPATCH_cpu : Calling creating_buffers for mm2_kernel1 on CPU
DEBUG:root:PARTITION : Creating Input Buffers cpu
DEBUG:root:PARTITION : mm2_kernel1 get_slice_values -> Original Buffer Size: 16777216
DEBUG:root:PARTITION_cpu : mm2_kernel1 Create_Input_Buffers_element_offset : 0
DEBUG:root:PARTITION_cpu : mm2_kernel1 Create_Input_Buffers_number_of_elements : 16777216
DEBUG:root:PARTITION : mm2_kernel1 get_slice_values -> Original Buffer Size: 16777216
DEBUG:root:PARTITION_cpu : mm2_kernel1 Create_Input_Buffers_element_offset : 0
DEBUG:root:PARTITION_cpu : mm2_kernel1 Create_Input_Buffers_number_of_elements : 16777216
DEBUG:root:PARTITION : Creating Output Buffers cpu
DEBUG:root:PARTITION : mm2_kernel1 get_slice_values -> Original Buffer Size: 16777216
DEBUG:root:PARTITION_cpu: mm2_kernel1 Create_Output_Buffers_element_offset : 0
DEBUG:root:PARTITION_cpu: mm2_kernel1 Create_Output_Buffers_number_of_elements : 16777216
DEBUG:root:PARTITION : Creating IO Buffers cpu
DEBUG:root:DISPATCH_cpu : Calling set_kernel_args for mm2_kernel1 on CPU
DEBUG:root:DISPATCH_cpu : Calling enqueue_write_buffers for mm2_kernel1 on CPU
DEBUG:root:PARTITION : Enqueuing Write Buffers cpu
DEBUG:root:PARTITION : mm2_kernel1 get_slice_values -> Original Buffer Size: 16777216
DEBUG:root:PARTITION_cpu : mm2_kernel1 Enqueue_Write_Input_Buffers_element_offset : 0
DEBUG:root:PARTITION_cpu : mm2_kernel1 Enqueue_Write_Input_Buffers_number_of_elements : 16777216
DEBUG:root:PARTITION : mm2_kernel1 get_slice_values -> Original Buffer Size: 16777216
DEBUG:root:PARTITION_cpu : mm2_kernel1 Enqueue_Write_Input_Buffers_element_offset : 0
DEBUG:root:PARTITION_cpu : mm2_kernel1 Enqueue_Write_Input_Buffers_number_of_elements : 16777216
DEBUG:root:PARTITION : Number of write buffers 2
DEBUG:root:DISPATCH_cpu : Evaluation of enqueue_nd_range_kernel for mm2_kernel1 on CPU
DEBUG:root:DISPATCH_cpu : Evaluation of enqueue_read_buffers for mm2_kernel1 on CPU
DEBUG:root:PARTITION : Enqueuing Read Buffers cpu
DEBUG:root:PARTITION : mm2_kernel1 get_slice_values -> Original Buffer Size: 16777216
DEBUG:root:PARTITION_cpu : mm2_kernel1 Enqueue_Read_Output_Buffers_element_offset : 0
DEBUG:root:PARTITION_cpu : mm2_kernel1 Enqueue_Read_Output_Buffers_number_of_elements : 16777216
DEBUG:root:PARTITION : Number of read buffers 1
DEBUG:root:DISPATCH : mm2_kernel1 ke.dispatch_end 2019-02-20 16:34:19.922562 
DEBUG:root:DISPATCH : Evaluation of kernel arguments for mm2_kernel1 
DEBUG:root:DISPATCH : Number of events 3
DEBUG:root:DISPATCH : Dispatch function call for mm2_kernel1 ends at 2019-02-20 16:34:19.922924
DEBUG:root:Waiting for events... 

DEBUG:root:CALLBACK_TRIGGERED : mm2_kernel1 WRITE execution finished for device cpu
DEBUG:root:CALLBACK_RESET : mm2_kernel1 Resetting bolt value by cpu WRITE event
DEBUG:root:CALLBACK_TRIGGERED : mm2_kernel1 KERNEL execution finished for device cpu
DEBUG:root:CALLBACK_RESET : mm2_kernel1 Resetting bolt value by cpu KERNEL event
DEBUG:root:CALLBACK_TRIGGERED : mm2_kernel1 READ execution finished for device cpu
DEBUG:root:CALLBACK : {'create_buf_start': '1550660659.92', 'dispatch_id': '', 'create_buf_end': '1550660659.92', 'dispatch_start': '2019-02-20 16:34:19.919057', 'kernel_id': '45417c1a-34ff-11e9-afea-a0000220fe80', 'write_end': '1550660659.99', 'dispatch_end': 'None', 'ndrange_start': '1550660659.92', 'ndrange_end': '1550660663.12', 'kernel_name': 'mm2_kernel1', 'read_end': '1550660663.13', 'read_start': '1550660659.92', 'write_start': '1550660659.92'}
DEBUG:root:CALLBACK : Pushing info onto cpu0
DEBUG:root:Releasing buffers of mm2_kernel1 on cpu
DEBUG:root:Releasing host arrays
DEBUG:root:CALLBACK_RESET : mm2_kernel1 Resetting bolt value by cpu READ event
DEBUG:root:HOST_EVENT cpu 0 45417c1a-34ff-11e9-afea-a0000220fe80,mm2_kernel1 1550660659.92123007774353027344 1550660659.98592805862426757812 1550660659.92213892936706542969 1550660663.12266206741333007812 1550660659.92228889465332031250 1550660663.12771105766296386719
