DEBUG:root:Number of GPUs : 1
DEBUG:root:[<pyopencl.Device 'Tesla K40m' on 'NVIDIA CUDA' at 0x26d2c50>]
DEBUG:root:Number of CPUs : 1
DEBUG:root:[<pyopencl.Device 'Intel(R) Xeon(R) CPU E5-2650 v4 @ 2.20GHz' on 'Intel(R) OpenCL' at 0x26a8b08>]
DEBUG:root:Building Kernel...
DEBUG:pyopencl.cache:build program: binary cache hit (key: 210e36568316fcccfef45586a203ccb6)
DEBUG:pyopencl.cffi_cl:build program: start
DEBUG:pyopencl.cffi_cl:build program: completed, success
DEBUG:pyopencl.cache:build program: binary cache hit (key: 4a5e0266ca1576143ae9164d9769c151)
DEBUG:pyopencl.cffi_cl:build program: start
DEBUG:pyopencl.cffi_cl:build program: completed, success
DEBUG:root:Loading Kernel Data...
DEBUG:root:Dispatching Kernel...
DEBUG:root:DISPATCH : Dispatch function call for VectorAdd starts at 2019-02-20 17:53:14.887893
DEBUG:root:DISPATCH_cpu : Evaluation of kernel arguments for VectorAdd on CPU
DEBUG:root:DISPATCH_cpu : Calling creating_buffers for VectorAdd on CPU
DEBUG:root:PARTITION : Creating Input Buffers cpu
DEBUG:root:PARTITION : VectorAdd get_slice_values -> Original Buffer Size: 512
DEBUG:root:PARTITION: get_slice_values -> multiple_round -> partition_round (if exact=1) returns: 0
DEBUG:root:PARTITION_cpu : VectorAdd Create_Input_Buffers_element_offset : 0
DEBUG:root:PARTITION_cpu : VectorAdd Create_Input_Buffers_number_of_elements : 512
DEBUG:root:PARTITION : VectorAdd get_slice_values -> Original Buffer Size: 512
DEBUG:root:PARTITION: get_slice_values -> multiple_round -> partition_round (if exact=1) returns: 0
DEBUG:root:PARTITION_cpu : VectorAdd Create_Input_Buffers_element_offset : 0
DEBUG:root:PARTITION_cpu : VectorAdd Create_Input_Buffers_number_of_elements : 512
DEBUG:root:PARTITION : Creating Output Buffers cpu
DEBUG:root:PARTITION : VectorAdd get_slice_values -> Original Buffer Size: 512
DEBUG:root:PARTITION: get_slice_values -> multiple_round -> partition_round (if exact=1) returns: 0
DEBUG:root:PARTITION_cpu: VectorAdd Create_Output_Buffers_element_offset : 0
DEBUG:root:PARTITION_cpu: VectorAdd Create_Output_Buffers_number_of_elements : 512
DEBUG:root:PARTITION : Creating IO Buffers cpu
DEBUG:root:DISPATCH_cpu : Calling set_kernel_args for VectorAdd on CPU
DEBUG:root:DISPATCH_cpu : Calling enqueue_write_buffers for VectorAdd on CPU
DEBUG:root:PARTITION : Enqueuing Write Buffers cpu
DEBUG:root:PARTITION : VectorAdd get_slice_values -> Original Buffer Size: 512
DEBUG:root:PARTITION: get_slice_values -> multiple_round -> partition_round (if exact=1) returns: 0
DEBUG:root:PARTITION_cpu : VectorAdd Enqueue_Write_Input_Buffers_element_offset : 0
DEBUG:root:PARTITION_cpu : VectorAdd Enqueue_Write_Input_Buffers_number_of_elements : 512
DEBUG:root:PARTITION : VectorAdd get_slice_values -> Original Buffer Size: 512
DEBUG:root:PARTITION: get_slice_values -> multiple_round -> partition_round (if exact=1) returns: 0
DEBUG:root:PARTITION_cpu : VectorAdd Enqueue_Write_Input_Buffers_element_offset : 0
DEBUG:root:PARTITION_cpu : VectorAdd Enqueue_Write_Input_Buffers_number_of_elements : 512
DEBUG:root:PARTITION : Number of write buffers 2
DEBUG:root:DISPATCH_cpu : Evaluation of enqueue_nd_range_kernel for VectorAdd on CPU
DEBUG:root:DISPATCH_cpu : Evaluation of enqueue_read_buffers for VectorAdd on CPU
DEBUG:root:PARTITION : Enqueuing Read Buffers cpu
DEBUG:root:PARTITION : VectorAdd get_slice_values -> Original Buffer Size: 512
DEBUG:root:PARTITION: get_slice_values -> multiple_round -> partition_round (if exact=1) returns: 0
DEBUG:root:PARTITION_cpu : VectorAdd Enqueue_Read_Output_Buffers_element_offset : 0
DEBUG:root:PARTITION_cpu : VectorAdd Enqueue_Read_Output_Buffers_number_of_elements : 512
DEBUG:root:PARTITION : Number of read buffers 1
DEBUG:root:DISPATCH : VectorAdd ke.dispatch_end 2019-02-20 17:53:14.891125 
DEBUG:root:DISPATCH : Evaluation of kernel arguments for VectorAdd 
DEBUG:root:DISPATCH : Number of events 3
DEBUG:root:DISPATCH : Dispatch function call for VectorAdd ends at 2019-02-20 17:53:14.891512
DEBUG:root:Waiting for events... 

DEBUG:root:CALLBACK_TRIGGERED : VectorAdd KERNEL execution finished for device cpu
DEBUG:root:CALLBACK_RESET : VectorAdd Resetting bolt value by cpu KERNEL event
DEBUG:root:CALLBACK_TRIGGERED : VectorAdd READ execution finished for device cpu
DEBUG:root:CALLBACK : {'create_buf_start': '1550665394.89', 'dispatch_id': '', 'create_buf_end': '1550665394.89', 'dispatch_start': '2019-02-20 17:53:14.887893', 'kernel_id': '4bc534c2-350a-11e9-8f4f-a0000220fe80', 'write_end': 'None', 'dispatch_end': 'None', 'ndrange_start': '1550665394.89', 'ndrange_end': '1550665394.89', 'kernel_name': 'VectorAdd', 'read_end': '1550665394.89', 'read_start': '1550665394.89', 'write_start': '1550665394.89'}
DEBUG:root:CALLBACK : Pushing info onto cpu0
DEBUG:root:Releasing buffers of VectorAdd on cpu
DEBUG:root:CALLBACK_PROBE : VectorAdd cpu WRITE event
DEBUG:root:CALLBACK_PROBE : VectorAdd cpu WRITE event
DEBUG:root:CALLBACK_PROBE : VectorAdd cpu WRITE event
DEBUG:root:CALLBACK_PROBE : VectorAdd cpu WRITE event
DEBUG:root:CALLBACK_PROBE : VectorAdd cpu WRITE event
DEBUG:root:CALLBACK_PROBE : VectorAdd cpu WRITE event
DEBUG:root:CALLBACK_PROBE : VectorAdd cpu WRITE event
DEBUG:root:CALLBACK_PROBE : VectorAdd cpu WRITE event
DEBUG:root:CALLBACK_PROBE : VectorAdd cpu WRITE event
DEBUG:root:CALLBACK_PROBE : VectorAdd cpu WRITE event
DEBUG:root:CALLBACK_PROBE : VectorAdd cpu WRITE event
DEBUG:root:CALLBACK_PROBE : VectorAdd cpu WRITE event
DEBUG:root:CALLBACK_PROBE : VectorAdd cpu WRITE event
DEBUG:root:CALLBACK_PROBE : VectorAdd cpu WRITE event
DEBUG:root:CALLBACK_PROBE : VectorAdd cpu WRITE event
DEBUG:root:CALLBACK_PROBE : VectorAdd cpu WRITE event
DEBUG:root:CALLBACK_PROBE : VectorAdd cpu WRITE event
DEBUG:root:CALLBACK_PROBE : VectorAdd cpu WRITE event
DEBUG:root:CALLBACK_PROBE : VectorAdd cpu WRITE event
DEBUG:root:CALLBACK_PROBE : VectorAdd cpu WRITE event
DEBUG:root:CALLBACK_PROBE : VectorAdd cpu WRITE event
DEBUG:root:CALLBACK_PROBE : VectorAdd cpu WRITE event
DEBUG:root:CALLBACK_PROBE : VectorAdd cpu WRITE event
DEBUG:root:CALLBACK_PROBE : VectorAdd cpu WRITE event
DEBUG:root:CALLBACK_PROBE : VectorAdd cpu WRITE event
DEBUG:root:CALLBACK_PROBE : VectorAdd cpu WRITE event
DEBUG:root:CALLBACK_PROBE : VectorAdd cpu WRITE event
DEBUG:root:CALLBACK_PROBE : VectorAdd cpu WRITE event
DEBUG:root:CALLBACK_PROBE : VectorAdd cpu WRITE event
DEBUG:root:CALLBACK_PROBE : VectorAdd cpu WRITE event
DEBUG:root:CALLBACK_PROBE : VectorAdd cpu WRITE event
DEBUG:root:CALLBACK_PROBE : VectorAdd cpu WRITE event
DEBUG:root:CALLBACK_PROBE : VectorAdd cpu WRITE event
DEBUG:root:CALLBACK_PROBE : VectorAdd cpu WRITE event
DEBUG:root:CALLBACK_PROBE : VectorAdd cpu WRITE event
DEBUG:root:CALLBACK_PROBE : VectorAdd cpu WRITE event
DEBUG:root:CALLBACK_PROBE : VectorAdd cpu WRITE event
DEBUG:root:CALLBACK_PROBE : VectorAdd cpu WRITE event
DEBUG:root:CALLBACK_PROBE : VectorAdd cpu WRITE event
DEBUG:root:CALLBACK_PROBE : VectorAdd cpu WRITE event
DEBUG:root:CALLBACK_PROBE : VectorAdd cpu WRITE event
DEBUG:root:CALLBACK_PROBE : VectorAdd cpu WRITE event
DEBUG:root:CALLBACK_PROBE : VectorAdd cpu WRITE event
DEBUG:root:CALLBACK_PROBE : VectorAdd cpu WRITE event
DEBUG:root:CALLBACK_PROBE : VectorAdd cpu WRITE event
DEBUG:root:CALLBACK_PROBE : VectorAdd cpu WRITE event
DEBUG:root:Releasing host arrays
DEBUG:root:CALLBACK_PROBE : VectorAdd cpu WRITE event
DEBUG:root:CALLBACK_TRIGGERED : VectorAdd WRITE execution finished for device cpu
DEBUG:root:CALLBACK_RESET : VectorAdd Resetting bolt value by cpu WRITE event
DEBUG:root:CALLBACK_RESET : VectorAdd Resetting bolt value by cpu READ event
DEBUG:root:HOST_EVENT cpu 0 4bc534c2-350a-11e9-8f4f-a0000220fe80,VectorAdd 1550665394.88979101181030273438 1550665394.90862798690795898438 1550665394.89069390296936035156 1550665394.89257407188415527344 1550665394.89083194732666015625 1550665394.89302992820739746094
