DEBUG:root:Number of GPUs : 1
DEBUG:root:[<pyopencl.Device 'Tesla K40m' on 'NVIDIA CUDA' at 0x215fba0>]
DEBUG:root:Number of CPUs : 1
DEBUG:root:[<pyopencl.Device 'Intel(R) Xeon(R) CPU E5-2650 v4 @ 2.20GHz' on 'Intel(R) OpenCL' at 0x2136d48>]
DEBUG:root:Building Kernel...
DEBUG:pyopencl.cache:build program: binary cache hit (key: 210e36568316fcccfef45586a203ccb6)
DEBUG:pyopencl.cffi_cl:build program: start
DEBUG:pyopencl.cffi_cl:build program: completed, success
DEBUG:pyopencl.cache:build program: binary cache hit (key: 4a5e0266ca1576143ae9164d9769c151)
DEBUG:pyopencl.cffi_cl:build program: start
DEBUG:pyopencl.cffi_cl:build program: completed, success
DEBUG:root:Loading Kernel Data...
DEBUG:root:Dispatching Kernel...
DEBUG:root:DISPATCH : Dispatch function call for VectorAdd starts at 2019-02-20 17:53:27.678599
DEBUG:root:DISPATCH_gpu : Evaluation of kernel arguments for VectorAdd on GPU
DEBUG:root:DISPATCH_gpu : Creation of buffers for VectorAdd on GPU
DEBUG:root:PARTITION : Creating Input Buffers gpu
DEBUG:root:PARTITION : VectorAdd get_slice_values -> Original Buffer Size: 512
DEBUG:root:PARTITION: get_slice_values -> multiple_round -> partition_round (if exact=1) returns: 0
DEBUG:root:PARTITION_gpu : VectorAdd Create_Input_Buffers_element_offset : 0
DEBUG:root:PARTITION_gpu : VectorAdd Create_Input_Buffers_number_of_elements : 512
DEBUG:root:PARTITION : VectorAdd get_slice_values -> Original Buffer Size: 512
DEBUG:root:PARTITION: get_slice_values -> multiple_round -> partition_round (if exact=1) returns: 0
DEBUG:root:PARTITION_gpu : VectorAdd Create_Input_Buffers_element_offset : 0
DEBUG:root:PARTITION_gpu : VectorAdd Create_Input_Buffers_number_of_elements : 512
DEBUG:root:PARTITION : Creating Output Buffers gpu
DEBUG:root:PARTITION : VectorAdd get_slice_values -> Original Buffer Size: 512
DEBUG:root:PARTITION: get_slice_values -> multiple_round -> partition_round (if exact=1) returns: 0
DEBUG:root:PARTITION_gpu: VectorAdd Create_Output_Buffers_element_offset : 0
DEBUG:root:PARTITION_gpu: VectorAdd Create_Output_Buffers_number_of_elements : 512
DEBUG:root:PARTITION : Creating IO Buffers gpu
DEBUG:root:DISPATCH_gpu : Setting kernel arguments for VectorAdd on GPU
DEBUG:root:DISPATCH_gpu :Calling enqueue_write_buffers for GPU
DEBUG:root:PARTITION : Enqueuing Write Buffers gpu
DEBUG:root:PARTITION : VectorAdd get_slice_values -> Original Buffer Size: 512
DEBUG:root:PARTITION: get_slice_values -> multiple_round -> partition_round (if exact=1) returns: 0
DEBUG:root:PARTITION_gpu : VectorAdd Enqueue_Write_Input_Buffers_element_offset : 0
DEBUG:root:PARTITION_gpu : VectorAdd Enqueue_Write_Input_Buffers_number_of_elements : 512
DEBUG:root:PARTITION : VectorAdd get_slice_values -> Original Buffer Size: 512
DEBUG:root:PARTITION: get_slice_values -> multiple_round -> partition_round (if exact=1) returns: 0
DEBUG:root:PARTITION_gpu : VectorAdd Enqueue_Write_Input_Buffers_element_offset : 0
DEBUG:root:PARTITION_gpu : VectorAdd Enqueue_Write_Input_Buffers_number_of_elements : 512
DEBUG:root:PARTITION : Number of write buffers 2
DEBUG:root:DISPATCH_gpu : Calling enqueue_nd_range_kernel for GPU
DEBUG:root:DISPATCH_gpu : Calling enqueue_read_buffers for GPU
DEBUG:root:PARTITION : Enqueuing Read Buffers gpu
DEBUG:root:PARTITION : VectorAdd get_slice_values -> Original Buffer Size: 512
DEBUG:root:PARTITION: get_slice_values -> multiple_round -> partition_round (if exact=1) returns: 0
DEBUG:root:PARTITION_gpu : VectorAdd Enqueue_Read_Output_Buffers_element_offset : 0
DEBUG:root:PARTITION_gpu : VectorAdd Enqueue_Read_Output_Buffers_number_of_elements : 512
DEBUG:root:PARTITION : Number of read buffers 1
DEBUG:root:DISPATCH : VectorAdd ke.dispatch_end 2019-02-20 17:53:27.681743 
DEBUG:root:DISPATCH : Evaluation of kernel arguments for VectorAdd 
DEBUG:root:DISPATCH : Number of events 3
DEBUG:root:DISPATCH : Dispatch function call for VectorAdd ends at 2019-02-20 17:53:27.681892
DEBUG:root:Waiting for events... 

DEBUG:root:CALLBACK_TRIGGERED : VectorAdd WRITE execution finished for device gpu
DEBUG:root:CALLBACK_PROBE : VectorAdd gpu READ event
DEBUG:root:CALLBACK_PROBE : VectorAdd gpu KERNEL event
DEBUG:root:CALLBACK_RESET : VectorAdd Resetting bolt value by gpu WRITE event
DEBUG:root:CALLBACK_TRIGGERED : VectorAdd READ execution finished for device gpu
DEBUG:root:CALLBACK_PROBE : VectorAdd gpu KERNEL event
DEBUG:root:CALLBACK : {'create_buf_start': '1550665407.68', 'dispatch_id': '', 'create_buf_end': '1550665407.68', 'dispatch_start': '2019-02-20 17:53:27.678599', 'kernel_id': '536531e6-350a-11e9-851d-a0000220fe80', 'write_end': '1550665407.68', 'dispatch_end': 'None', 'ndrange_start': '1550665407.68', 'ndrange_end': 'None', 'kernel_name': 'VectorAdd', 'read_end': '1550665407.68', 'read_start': '1550665407.68', 'write_start': '1550665407.68'}
DEBUG:root:CALLBACK_PROBE : VectorAdd gpu KERNEL event
DEBUG:root:CALLBACK : Pushing info onto gpu0
DEBUG:root:CALLBACK_PROBE : VectorAdd gpu KERNEL event
DEBUG:root:Releasing buffers of VectorAdd on gpu
DEBUG:root:CALLBACK_PROBE : VectorAdd gpu KERNEL event
DEBUG:root:CALLBACK_PROBE : VectorAdd gpu KERNEL event
DEBUG:root:CALLBACK_PROBE : VectorAdd gpu KERNEL event
DEBUG:root:CALLBACK_PROBE : VectorAdd gpu KERNEL event
DEBUG:root:CALLBACK_PROBE : VectorAdd gpu KERNEL event
DEBUG:root:CALLBACK_PROBE : VectorAdd gpu KERNEL event
DEBUG:root:CALLBACK_PROBE : VectorAdd gpu KERNEL event
DEBUG:root:CALLBACK_PROBE : VectorAdd gpu KERNEL event
DEBUG:root:CALLBACK_PROBE : VectorAdd gpu KERNEL event
DEBUG:root:CALLBACK_PROBE : VectorAdd gpu KERNEL event
DEBUG:root:CALLBACK_PROBE : VectorAdd gpu KERNEL event
DEBUG:root:CALLBACK_PROBE : VectorAdd gpu KERNEL event
DEBUG:root:CALLBACK_PROBE : VectorAdd gpu KERNEL event
DEBUG:root:CALLBACK_PROBE : VectorAdd gpu KERNEL event
DEBUG:root:CALLBACK_PROBE : VectorAdd gpu KERNEL event
DEBUG:root:CALLBACK_PROBE : VectorAdd gpu KERNEL event
DEBUG:root:CALLBACK_PROBE : VectorAdd gpu KERNEL event
DEBUG:root:CALLBACK_PROBE : VectorAdd gpu KERNEL event
DEBUG:root:CALLBACK_PROBE : VectorAdd gpu KERNEL event
DEBUG:root:CALLBACK_PROBE : VectorAdd gpu KERNEL event
DEBUG:root:CALLBACK_PROBE : VectorAdd gpu KERNEL event
DEBUG:root:CALLBACK_PROBE : VectorAdd gpu KERNEL event
DEBUG:root:CALLBACK_PROBE : VectorAdd gpu KERNEL event
DEBUG:root:CALLBACK_PROBE : VectorAdd gpu KERNEL event
DEBUG:root:CALLBACK_PROBE : VectorAdd gpu KERNEL event
DEBUG:root:CALLBACK_PROBE : VectorAdd gpu KERNEL event
DEBUG:root:CALLBACK_PROBE : VectorAdd gpu KERNEL event
DEBUG:root:CALLBACK_PROBE : VectorAdd gpu KERNEL event
DEBUG:root:CALLBACK_PROBE : VectorAdd gpu KERNEL event
DEBUG:root:CALLBACK_PROBE : VectorAdd gpu KERNEL event
DEBUG:root:CALLBACK_PROBE : VectorAdd gpu KERNEL event
DEBUG:root:CALLBACK_PROBE : VectorAdd gpu KERNEL event
DEBUG:root:CALLBACK_PROBE : VectorAdd gpu KERNEL event
DEBUG:root:CALLBACK_PROBE : VectorAdd gpu KERNEL event
DEBUG:root:CALLBACK_PROBE : VectorAdd gpu KERNEL event
DEBUG:root:CALLBACK_PROBE : VectorAdd gpu KERNEL event
DEBUG:root:CALLBACK_PROBE : VectorAdd gpu KERNEL event
DEBUG:root:CALLBACK_PROBE : VectorAdd gpu KERNEL event
DEBUG:root:CALLBACK_PROBE : VectorAdd gpu KERNEL event
DEBUG:root:CALLBACK_PROBE : VectorAdd gpu KERNEL event
DEBUG:root:CALLBACK_PROBE : VectorAdd gpu KERNEL event
DEBUG:root:CALLBACK_PROBE : VectorAdd gpu KERNEL event
DEBUG:root:CALLBACK_PROBE : VectorAdd gpu KERNEL event
DEBUG:root:CALLBACK_PROBE : VectorAdd gpu KERNEL event
DEBUG:root:CALLBACK_PROBE : VectorAdd gpu KERNEL event
DEBUG:root:CALLBACK_PROBE : VectorAdd gpu KERNEL event
DEBUG:root:CALLBACK_PROBE : VectorAdd gpu KERNEL event
DEBUG:root:CALLBACK_PROBE : VectorAdd gpu KERNEL event
DEBUG:root:CALLBACK_PROBE : VectorAdd gpu KERNEL event
DEBUG:root:CALLBACK_PROBE : VectorAdd gpu KERNEL event
DEBUG:root:CALLBACK_PROBE : VectorAdd gpu KERNEL event
DEBUG:root:CALLBACK_PROBE : VectorAdd gpu KERNEL event
DEBUG:root:CALLBACK_PROBE : VectorAdd gpu KERNEL event
DEBUG:root:CALLBACK_PROBE : VectorAdd gpu KERNEL event
DEBUG:root:CALLBACK_PROBE : VectorAdd gpu KERNEL event
DEBUG:root:CALLBACK_PROBE : VectorAdd gpu KERNEL event
DEBUG:root:CALLBACK_PROBE : VectorAdd gpu KERNEL event
DEBUG:root:CALLBACK_PROBE : VectorAdd gpu KERNEL event
DEBUG:root:CALLBACK_PROBE : VectorAdd gpu KERNEL event
DEBUG:root:CALLBACK_PROBE : VectorAdd gpu KERNEL event
DEBUG:root:CALLBACK_PROBE : VectorAdd gpu KERNEL event
DEBUG:root:CALLBACK_PROBE : VectorAdd gpu KERNEL event
DEBUG:root:CALLBACK_PROBE : VectorAdd gpu KERNEL event
DEBUG:root:CALLBACK_PROBE : VectorAdd gpu KERNEL event
DEBUG:root:CALLBACK_PROBE : VectorAdd gpu KERNEL event
DEBUG:root:CALLBACK_PROBE : VectorAdd gpu KERNEL event
DEBUG:root:CALLBACK_PROBE : VectorAdd gpu KERNEL event
DEBUG:root:CALLBACK_PROBE : VectorAdd gpu KERNEL event
DEBUG:root:CALLBACK_PROBE : VectorAdd gpu KERNEL event
DEBUG:root:CALLBACK_PROBE : VectorAdd gpu KERNEL event
DEBUG:root:CALLBACK_PROBE : VectorAdd gpu KERNEL event
DEBUG:root:CALLBACK_PROBE : VectorAdd gpu KERNEL event
DEBUG:root:CALLBACK_PROBE : VectorAdd gpu KERNEL event
DEBUG:root:CALLBACK_PROBE : VectorAdd gpu KERNEL event
DEBUG:root:CALLBACK_PROBE : VectorAdd gpu KERNEL event
DEBUG:root:CALLBACK_PROBE : VectorAdd gpu KERNEL event
DEBUG:root:CALLBACK_PROBE : VectorAdd gpu KERNEL event
DEBUG:root:CALLBACK_PROBE : VectorAdd gpu KERNEL event
DEBUG:root:CALLBACK_PROBE : VectorAdd gpu KERNEL event
DEBUG:root:CALLBACK_PROBE : VectorAdd gpu KERNEL event
DEBUG:root:CALLBACK_PROBE : VectorAdd gpu KERNEL event
DEBUG:root:CALLBACK_PROBE : VectorAdd gpu KERNEL event
DEBUG:root:CALLBACK_PROBE : VectorAdd gpu KERNEL event
DEBUG:root:CALLBACK_PROBE : VectorAdd gpu KERNEL event
DEBUG:root:CALLBACK_PROBE : VectorAdd gpu KERNEL event
DEBUG:root:CALLBACK_PROBE : VectorAdd gpu KERNEL event
DEBUG:root:CALLBACK_PROBE : VectorAdd gpu KERNEL event
DEBUG:root:CALLBACK_PROBE : VectorAdd gpu KERNEL event
DEBUG:root:CALLBACK_PROBE : VectorAdd gpu KERNEL event
DEBUG:root:CALLBACK_PROBE : VectorAdd gpu KERNEL event
DEBUG:root:CALLBACK_PROBE : VectorAdd gpu KERNEL event
DEBUG:root:CALLBACK_PROBE : VectorAdd gpu KERNEL event
DEBUG:root:CALLBACK_PROBE : VectorAdd gpu KERNEL event
DEBUG:root:CALLBACK_PROBE : VectorAdd gpu KERNEL event
DEBUG:root:CALLBACK_PROBE : VectorAdd gpu KERNEL event
DEBUG:root:CALLBACK_PROBE : VectorAdd gpu KERNEL event
DEBUG:root:CALLBACK_PROBE : VectorAdd gpu KERNEL event
DEBUG:root:CALLBACK_PROBE : VectorAdd gpu KERNEL event
DEBUG:root:CALLBACK_PROBE : VectorAdd gpu KERNEL event
DEBUG:root:CALLBACK_PROBE : VectorAdd gpu KERNEL event
DEBUG:root:CALLBACK_PROBE : VectorAdd gpu KERNEL event
DEBUG:root:CALLBACK_PROBE : VectorAdd gpu KERNEL event
DEBUG:root:CALLBACK_PROBE : VectorAdd gpu KERNEL event
DEBUG:root:CALLBACK_PROBE : VectorAdd gpu KERNEL event
DEBUG:root:CALLBACK_PROBE : VectorAdd gpu KERNEL event
DEBUG:root:CALLBACK_PROBE : VectorAdd gpu KERNEL event
DEBUG:root:CALLBACK_PROBE : VectorAdd gpu KERNEL event
DEBUG:root:CALLBACK_PROBE : VectorAdd gpu KERNEL event
DEBUG:root:CALLBACK_PROBE : VectorAdd gpu KERNEL event
DEBUG:root:CALLBACK_PROBE : VectorAdd gpu KERNEL event
DEBUG:root:CALLBACK_PROBE : VectorAdd gpu KERNEL event
DEBUG:root:CALLBACK_PROBE : VectorAdd gpu KERNEL event
DEBUG:root:CALLBACK_PROBE : VectorAdd gpu KERNEL event
DEBUG:root:CALLBACK_PROBE : VectorAdd gpu KERNEL event
DEBUG:root:CALLBACK_PROBE : VectorAdd gpu KERNEL event
DEBUG:root:CALLBACK_PROBE : VectorAdd gpu KERNEL event
DEBUG:root:CALLBACK_PROBE : VectorAdd gpu KERNEL event
DEBUG:root:CALLBACK_PROBE : VectorAdd gpu KERNEL event
DEBUG:root:CALLBACK_PROBE : VectorAdd gpu KERNEL event
DEBUG:root:CALLBACK_PROBE : VectorAdd gpu KERNEL event
DEBUG:root:CALLBACK_PROBE : VectorAdd gpu KERNEL event
DEBUG:root:CALLBACK_PROBE : VectorAdd gpu KERNEL event
DEBUG:root:CALLBACK_PROBE : VectorAdd gpu KERNEL event
DEBUG:root:CALLBACK_PROBE : VectorAdd gpu KERNEL event
DEBUG:root:CALLBACK_PROBE : VectorAdd gpu KERNEL event
DEBUG:root:CALLBACK_PROBE : VectorAdd gpu KERNEL event
DEBUG:root:CALLBACK_PROBE : VectorAdd gpu KERNEL event
DEBUG:root:CALLBACK_PROBE : VectorAdd gpu KERNEL event
DEBUG:root:CALLBACK_PROBE : VectorAdd gpu KERNEL event
DEBUG:root:CALLBACK_PROBE : VectorAdd gpu KERNEL event
DEBUG:root:CALLBACK_PROBE : VectorAdd gpu KERNEL event
DEBUG:root:CALLBACK_PROBE : VectorAdd gpu KERNEL event
DEBUG:root:CALLBACK_PROBE : VectorAdd gpu KERNEL event
DEBUG:root:CALLBACK_PROBE : VectorAdd gpu KERNEL event
DEBUG:root:CALLBACK_PROBE : VectorAdd gpu KERNEL event
DEBUG:root:CALLBACK_PROBE : VectorAdd gpu KERNEL event
DEBUG:root:CALLBACK_PROBE : VectorAdd gpu KERNEL event
DEBUG:root:CALLBACK_PROBE : VectorAdd gpu KERNEL event
DEBUG:root:CALLBACK_PROBE : VectorAdd gpu KERNEL event
DEBUG:root:CALLBACK_PROBE : VectorAdd gpu KERNEL event
DEBUG:root:CALLBACK_PROBE : VectorAdd gpu KERNEL event
DEBUG:root:CALLBACK_PROBE : VectorAdd gpu KERNEL event
DEBUG:root:CALLBACK_PROBE : VectorAdd gpu KERNEL event
DEBUG:root:CALLBACK_PROBE : VectorAdd gpu KERNEL event
DEBUG:root:CALLBACK_PROBE : VectorAdd gpu KERNEL event
DEBUG:root:CALLBACK_PROBE : VectorAdd gpu KERNEL event
DEBUG:root:CALLBACK_PROBE : VectorAdd gpu KERNEL event
DEBUG:root:CALLBACK_PROBE : VectorAdd gpu KERNEL event
DEBUG:root:CALLBACK_PROBE : VectorAdd gpu KERNEL event
DEBUG:root:CALLBACK_PROBE : VectorAdd gpu KERNEL event
DEBUG:root:CALLBACK_PROBE : VectorAdd gpu KERNEL event
DEBUG:root:CALLBACK_PROBE : VectorAdd gpu KERNEL event
DEBUG:root:CALLBACK_PROBE : VectorAdd gpu KERNEL event
DEBUG:root:CALLBACK_PROBE : VectorAdd gpu KERNEL event
DEBUG:root:CALLBACK_PROBE : VectorAdd gpu KERNEL event
DEBUG:root:CALLBACK_PROBE : VectorAdd gpu KERNEL event
DEBUG:root:CALLBACK_PROBE : VectorAdd gpu KERNEL event
DEBUG:root:CALLBACK_PROBE : VectorAdd gpu KERNEL event
DEBUG:root:CALLBACK_PROBE : VectorAdd gpu KERNEL event
DEBUG:root:CALLBACK_PROBE : VectorAdd gpu KERNEL event
DEBUG:root:CALLBACK_PROBE : VectorAdd gpu KERNEL event
DEBUG:root:CALLBACK_PROBE : VectorAdd gpu KERNEL event
DEBUG:root:CALLBACK_PROBE : VectorAdd gpu KERNEL event
DEBUG:root:CALLBACK_PROBE : VectorAdd gpu KERNEL event
DEBUG:root:CALLBACK_PROBE : VectorAdd gpu KERNEL event
DEBUG:root:CALLBACK_PROBE : VectorAdd gpu KERNEL event
DEBUG:root:CALLBACK_PROBE : VectorAdd gpu KERNEL event
DEBUG:root:CALLBACK_PROBE : VectorAdd gpu KERNEL event
DEBUG:root:CALLBACK_PROBE : VectorAdd gpu KERNEL event
DEBUG:root:CALLBACK_PROBE : VectorAdd gpu KERNEL event
DEBUG:root:CALLBACK_PROBE : VectorAdd gpu KERNEL event
DEBUG:root:CALLBACK_PROBE : VectorAdd gpu KERNEL event
DEBUG:root:CALLBACK_PROBE : VectorAdd gpu KERNEL event
DEBUG:root:CALLBACK_PROBE : VectorAdd gpu KERNEL event
DEBUG:root:CALLBACK_PROBE : VectorAdd gpu KERNEL event
DEBUG:root:CALLBACK_PROBE : VectorAdd gpu KERNEL event
DEBUG:root:CALLBACK_PROBE : VectorAdd gpu KERNEL event
DEBUG:root:CALLBACK_PROBE : VectorAdd gpu KERNEL event
DEBUG:root:CALLBACK_PROBE : VectorAdd gpu KERNEL event
DEBUG:root:CALLBACK_PROBE : VectorAdd gpu KERNEL event
DEBUG:root:CALLBACK_PROBE : VectorAdd gpu KERNEL event
DEBUG:root:CALLBACK_PROBE : VectorAdd gpu KERNEL event
DEBUG:root:CALLBACK_PROBE : VectorAdd gpu KERNEL event
DEBUG:root:CALLBACK_PROBE : VectorAdd gpu KERNEL event
DEBUG:root:CALLBACK_PROBE : VectorAdd gpu KERNEL event
DEBUG:root:CALLBACK_PROBE : VectorAdd gpu KERNEL event
DEBUG:root:CALLBACK_PROBE : VectorAdd gpu KERNEL event
DEBUG:root:CALLBACK_PROBE : VectorAdd gpu KERNEL event
DEBUG:root:CALLBACK_PROBE : VectorAdd gpu KERNEL event
DEBUG:root:CALLBACK_PROBE : VectorAdd gpu KERNEL event
DEBUG:root:CALLBACK_PROBE : VectorAdd gpu KERNEL event
DEBUG:root:CALLBACK_PROBE : VectorAdd gpu KERNEL event
DEBUG:root:CALLBACK_PROBE : VectorAdd gpu KERNEL event
DEBUG:root:CALLBACK_PROBE : VectorAdd gpu KERNEL event
DEBUG:root:CALLBACK_PROBE : VectorAdd gpu KERNEL event
DEBUG:root:Releasing host arrays
DEBUG:root:CALLBACK_PROBE : VectorAdd gpu KERNEL event
DEBUG:root:CALLBACK_RESET : VectorAdd Resetting bolt value by gpu READ event
DEBUG:root:CALLBACK_TRIGGERED : VectorAdd KERNEL execution finished for device gpu
DEBUG:root:CALLBACK_RESET : VectorAdd Resetting bolt value by gpu KERNEL event
DEBUG:root:HOST_EVENT gpu 0 536531e6-350a-11e9-851d-a0000220fe80,VectorAdd 1550665407.68046188354492187500 1550665407.68337893486022949219 1550665407.68134188652038574219 1550665407.71723103523254394531 1550665407.68148088455200195312 1550665407.68397188186645507812
